

Microchip Technology PIC LITE Macro Assembler V2.00 build -1524193055 
                                                                                               Thu Apr 22 14:56:16 2021

Microchip Technology Omniscient Code Generator v2.00 (Free mode) build 20180527130849
     1  0000                     
      + 0000                     
     2                           ; Version 2.00
     3                           ; Generated 27/05/2018 GMT
     4                           
     5                           ; 
     6                           ; Copyright © 2018, Microchip Technology Inc. and its subsidiaries ("Microchip")
     7                           ; All rights reserved.
     8                           ; 
     9                           ; This software is developed by Microchip Technology Inc. and its subsidiaries ("Microch
                                 ip").
    10                           ; 
    11                           ; Redistribution and use in source and binary forms, with or without modification, are
    12                           ; permitted provided that the following conditions are met:
    13                           ; 
    14                           ;     1. Redistributions of source code must retain the above copyright notice, this lis
                                 t of
    15                           ;        conditions and the following disclaimer.
    16                           ; 
    17                           ;     2. Redistributions in binary form must reproduce the above copyright notice, this 
                                 list
    18                           ;        of conditions and the following disclaimer in the documentation and/or other
    19                           ;        materials provided with the distribution.
    20                           ; 
    21                           ;     3. Microchip's name may not be used to endorse or promote products derived from th
                                 is
    22                           ;        software without specific prior written permission.
    23                           ; 
    24                           ; THIS SOFTWARE IS PROVIDED BY MICROCHIP "AS IS" AND ANY EXPRESS OR IMPLIED WARRANTIES,

    25                           ; INCLUDING, BUT NOT LIMITED TO, THE IMPLIED WARRANTIES OF MERCHANTABILITY AND FITNESS F
                                 OR
    26                           ; PURPOSE ARE DISCLAIMED.  IN NO EVENT SHALL MICROCHIP BE LIABLE FOR ANY DIRECT, INDIREC
                                 T,
    27                           ; INCIDENTAL, SPECIAL, EXEMPLARY, OR CONSEQUENTIAL DAMAGES (INCLUDING BUT NOT LIMITED TO
                                 
    28                           ; PROCUREMENT OF SUBSTITUTE GOODS OR SERVICES; LOSS OF USE, DATA OR PROFITS; OR BUSINESS
                                 
    29                           ; INTERRUPTION) HOWSOEVER CAUSED AND ON ANY THEORY OF LIABILITY, WHETHER IN CONTRACT, ST
                                 RICT
    30                           ; LIABILITY, OR TORT (INCLUDING NEGLIGENCE OR OTHERWISE) ARISING IN ANY WAY OUT OF THE U
                                 SE OF
    31                           ; THIS SOFTWARE, EVEN IF ADVISED OF THE POSSIBILITY OF SUCH DAMAGE.
    32                           ; 
    33                           
    34                           
    35                           ; 
    36                           ; Code-generator required, PIC16F887 Definitions
    37                           ; 
    38  0004                     fsr0 equ 04h
    39  0004                     indf equ 00h
    40  0000                     indf0 equ 00h
    41  0000                     pc equ 02h
    42  0002                     pcl equ 02h
    43  0002                     pclath equ 0Ah
    44  000A                     status equ 03h
    45  0003                     
     2                           opt pagewidth 120
     3  0000                     byte0	macro	val
     4                           	(getbyte(val,0))
     5                           endm
     6  0000                     byte1	macro	val
     7                           	(getbyte(val,1))
     8                           endm
     9  0000                     byte2	macro	val
    10                           	(getbyte(val,2))
    11                           endm
    12  0000                     byte3	macro	val
    13                           	(getbyte(val,3))
    14                           endm
    15  0000                     byte4	macro	val
    16                           	(getbyte(val,4))
    17                           endm
    18  0000                     byte5	macro	val
    19                           	(getbyte(val,5))
    20                           endm
    21  0000                     byte6	macro	val
    22                           	(getbyte(val,6))
    23                           endm
    24  0000                     byte7	macro	val
    25                           	(getbyte(val,7))
    26                           endm
    27  0000                     getword	macro	val,pos
    28                           	(((val) >> (8 * pos)) and 0xffff)
    29                           endm
    30  0000                     word0	macro	val
    31                           	(getword(val,0))
    32                           endm
    33  0000                     word1	macro	val
    34                           	(getword(val,2))
    35                           endm
    36  0000                     word2	macro	val
    37                           	(getword(val,4))
    38                           endm
    39  0000                     word3	macro	val
    40                           	(getword(val,6))
    41                           endm
    42  0000                     gettword	macro	val,pos
    43                           	(((val) >> (8 * pos)) and 0xffffff)
    44                           endm
    45  0000                     tword0	macro	val
    46                           	(gettword(val,0))
    47                           endm
    48  0000                     tword1	macro	val
    49                           	(gettword(val,3))
    50                           endm
    51  0000                     tword2	macro	val
    52                           	(gettword(val,6))
    53                           endm
    54  0000                     getdword	macro	val,pos
    55                           	(((val) >> (8 * pos)) and 0xffffffff)
    56                           endm
    57  0000                     dword0	macro	val
    58                           	(getdword(val,0))
    59                           endm
    60  0000                     dword1	macro	val
    61                           	(getdword(val,4))
    62                           endm
    63  0000                     clrc	macro
    64                           	bcf	3,0
    65                           	endm
    66  0000                     clrz	macro
    67                           	bcf	3,2
    68                           	endm
    69  0000                     setc	macro
    70                           	bsf	3,0
    71                           	endm
    72  0000                     setz	macro
    73                           	bsf	3,2
    74                           	endm
    75  0000                     skipc	macro
    76                           	btfss	3,0
    77                           	endm
    78  0000                     skipz	macro
    79                           	btfss	3,2
    80                           	endm
    81  0000                     skipnc	macro
    82                           	btfsc	3,0
    83                           	endm
    84  0000                     skipnz	macro
    85                           	btfsc	3,2
    86                           	endm
    87  0000                     # 54 "C:\Program Files (x86)\Microchip\xc8\v2.00\pic\include\pic16f887.h"
    88                           INDF equ 00h ;# 
    89  0000                     # 61 "C:\Program Files (x86)\Microchip\xc8\v2.00\pic\include\pic16f887.h"
    90                           TMR0 equ 01h ;# 
    91  0001                     # 68 "C:\Program Files (x86)\Microchip\xc8\v2.00\pic\include\pic16f887.h"
    92                           PCL equ 02h ;# 
    93  0002                     # 75 "C:\Program Files (x86)\Microchip\xc8\v2.00\pic\include\pic16f887.h"
    94                           STATUS equ 03h ;# 
    95  0003                     # 161 "C:\Program Files (x86)\Microchip\xc8\v2.00\pic\include\pic16f887.h"
    96                           FSR equ 04h ;# 
    97  0004                     # 168 "C:\Program Files (x86)\Microchip\xc8\v2.00\pic\include\pic16f887.h"
    98                           PORTA equ 05h ;# 
    99  0005                     # 230 "C:\Program Files (x86)\Microchip\xc8\v2.00\pic\include\pic16f887.h"
   100                           PORTB equ 06h ;# 
   101  0006                     # 292 "C:\Program Files (x86)\Microchip\xc8\v2.00\pic\include\pic16f887.h"
   102                           PORTC equ 07h ;# 
   103  0007                     # 354 "C:\Program Files (x86)\Microchip\xc8\v2.00\pic\include\pic16f887.h"
   104                           PORTD equ 08h ;# 
   105  0008                     # 416 "C:\Program Files (x86)\Microchip\xc8\v2.00\pic\include\pic16f887.h"
   106                           PORTE equ 09h ;# 
   107  0009                     # 454 "C:\Program Files (x86)\Microchip\xc8\v2.00\pic\include\pic16f887.h"
   108                           PCLATH equ 0Ah ;# 
   109  000A                     # 461 "C:\Program Files (x86)\Microchip\xc8\v2.00\pic\include\pic16f887.h"
   110                           INTCON equ 0Bh ;# 
   111  000B                     # 539 "C:\Program Files (x86)\Microchip\xc8\v2.00\pic\include\pic16f887.h"
   112                           PIR1 equ 0Ch ;# 
   113  000C                     # 595 "C:\Program Files (x86)\Microchip\xc8\v2.00\pic\include\pic16f887.h"
   114                           PIR2 equ 0Dh ;# 
   115  000D                     # 652 "C:\Program Files (x86)\Microchip\xc8\v2.00\pic\include\pic16f887.h"
   116                           TMR1 equ 0Eh ;# 
   117  000E                     # 659 "C:\Program Files (x86)\Microchip\xc8\v2.00\pic\include\pic16f887.h"
   118                           TMR1L equ 0Eh ;# 
   119  000E                     # 666 "C:\Program Files (x86)\Microchip\xc8\v2.00\pic\include\pic16f887.h"
   120                           TMR1H equ 0Fh ;# 
   121  000F                     # 673 "C:\Program Files (x86)\Microchip\xc8\v2.00\pic\include\pic16f887.h"
   122                           T1CON equ 010h ;# 
   123  0010                     # 767 "C:\Program Files (x86)\Microchip\xc8\v2.00\pic\include\pic16f887.h"
   124                           TMR2 equ 011h ;# 
   125  0011                     # 774 "C:\Program Files (x86)\Microchip\xc8\v2.00\pic\include\pic16f887.h"
   126                           T2CON equ 012h ;# 
   127  0012                     # 845 "C:\Program Files (x86)\Microchip\xc8\v2.00\pic\include\pic16f887.h"
   128                           SSPBUF equ 013h ;# 
   129  0013                     # 852 "C:\Program Files (x86)\Microchip\xc8\v2.00\pic\include\pic16f887.h"
   130                           SSPCON equ 014h ;# 
   131  0014                     # 922 "C:\Program Files (x86)\Microchip\xc8\v2.00\pic\include\pic16f887.h"
   132                           CCPR1 equ 015h ;# 
   133  0015                     # 929 "C:\Program Files (x86)\Microchip\xc8\v2.00\pic\include\pic16f887.h"
   134                           CCPR1L equ 015h ;# 
   135  0015                     # 936 "C:\Program Files (x86)\Microchip\xc8\v2.00\pic\include\pic16f887.h"
   136                           CCPR1H equ 016h ;# 
   137  0016                     # 943 "C:\Program Files (x86)\Microchip\xc8\v2.00\pic\include\pic16f887.h"
   138                           CCP1CON equ 017h ;# 
   139  0017                     # 1040 "C:\Program Files (x86)\Microchip\xc8\v2.00\pic\include\pic16f887.h"
   140                           RCSTA equ 018h ;# 
   141  0018                     # 1135 "C:\Program Files (x86)\Microchip\xc8\v2.00\pic\include\pic16f887.h"
   142                           TXREG equ 019h ;# 
   143  0019                     # 1142 "C:\Program Files (x86)\Microchip\xc8\v2.00\pic\include\pic16f887.h"
   144                           RCREG equ 01Ah ;# 
   145  001A                     # 1149 "C:\Program Files (x86)\Microchip\xc8\v2.00\pic\include\pic16f887.h"
   146                           CCPR2 equ 01Bh ;# 
   147  001B                     # 1156 "C:\Program Files (x86)\Microchip\xc8\v2.00\pic\include\pic16f887.h"
   148                           CCPR2L equ 01Bh ;# 
   149  001B                     # 1163 "C:\Program Files (x86)\Microchip\xc8\v2.00\pic\include\pic16f887.h"
   150                           CCPR2H equ 01Ch ;# 
   151  001C                     # 1170 "C:\Program Files (x86)\Microchip\xc8\v2.00\pic\include\pic16f887.h"
   152                           CCP2CON equ 01Dh ;# 
   153  001D                     # 1240 "C:\Program Files (x86)\Microchip\xc8\v2.00\pic\include\pic16f887.h"
   154                           ADRESH equ 01Eh ;# 
   155  001E                     # 1247 "C:\Program Files (x86)\Microchip\xc8\v2.00\pic\include\pic16f887.h"
   156                           ADCON0 equ 01Fh ;# 
   157  001F                     # 1348 "C:\Program Files (x86)\Microchip\xc8\v2.00\pic\include\pic16f887.h"
   158                           OPTION_REG equ 081h ;# 
   159  0081                     # 1418 "C:\Program Files (x86)\Microchip\xc8\v2.00\pic\include\pic16f887.h"
   160                           TRISA equ 085h ;# 
   161  0085                     # 1480 "C:\Program Files (x86)\Microchip\xc8\v2.00\pic\include\pic16f887.h"
   162                           TRISB equ 086h ;# 
   163  0086                     # 1542 "C:\Program Files (x86)\Microchip\xc8\v2.00\pic\include\pic16f887.h"
   164                           TRISC equ 087h ;# 
   165  0087                     # 1604 "C:\Program Files (x86)\Microchip\xc8\v2.00\pic\include\pic16f887.h"
   166                           TRISD equ 088h ;# 
   167  0088                     # 1666 "C:\Program Files (x86)\Microchip\xc8\v2.00\pic\include\pic16f887.h"
   168                           TRISE equ 089h ;# 
   169  0089                     # 1704 "C:\Program Files (x86)\Microchip\xc8\v2.00\pic\include\pic16f887.h"
   170                           PIE1 equ 08Ch ;# 
   171  008C                     # 1760 "C:\Program Files (x86)\Microchip\xc8\v2.00\pic\include\pic16f887.h"
   172                           PIE2 equ 08Dh ;# 
   173  008D                     # 1817 "C:\Program Files (x86)\Microchip\xc8\v2.00\pic\include\pic16f887.h"
   174                           PCON equ 08Eh ;# 
   175  008E                     # 1864 "C:\Program Files (x86)\Microchip\xc8\v2.00\pic\include\pic16f887.h"
   176                           OSCCON equ 08Fh ;# 
   177  008F                     # 1929 "C:\Program Files (x86)\Microchip\xc8\v2.00\pic\include\pic16f887.h"
   178                           OSCTUNE equ 090h ;# 
   179  0090                     # 1981 "C:\Program Files (x86)\Microchip\xc8\v2.00\pic\include\pic16f887.h"
   180                           SSPCON2 equ 091h ;# 
   181  0091                     # 2043 "C:\Program Files (x86)\Microchip\xc8\v2.00\pic\include\pic16f887.h"
   182                           PR2 equ 092h ;# 
   183  0092                     # 2050 "C:\Program Files (x86)\Microchip\xc8\v2.00\pic\include\pic16f887.h"
   184                           SSPADD equ 093h ;# 
   185  0093                     # 2057 "C:\Program Files (x86)\Microchip\xc8\v2.00\pic\include\pic16f887.h"
   186                           SSPMSK equ 093h ;# 
   187  0093                     # 2062 "C:\Program Files (x86)\Microchip\xc8\v2.00\pic\include\pic16f887.h"
   188                           MSK equ 093h ;# 
   189  0093                     # 2179 "C:\Program Files (x86)\Microchip\xc8\v2.00\pic\include\pic16f887.h"
   190                           SSPSTAT equ 094h ;# 
   191  0094                     # 2348 "C:\Program Files (x86)\Microchip\xc8\v2.00\pic\include\pic16f887.h"
   192                           WPUB equ 095h ;# 
   193  0095                     # 2418 "C:\Program Files (x86)\Microchip\xc8\v2.00\pic\include\pic16f887.h"
   194                           IOCB equ 096h ;# 
   195  0096                     # 2488 "C:\Program Files (x86)\Microchip\xc8\v2.00\pic\include\pic16f887.h"
   196                           VRCON equ 097h ;# 
   197  0097                     # 2558 "C:\Program Files (x86)\Microchip\xc8\v2.00\pic\include\pic16f887.h"
   198                           TXSTA equ 098h ;# 
   199  0098                     # 2644 "C:\Program Files (x86)\Microchip\xc8\v2.00\pic\include\pic16f887.h"
   200                           SPBRG equ 099h ;# 
   201  0099                     # 2706 "C:\Program Files (x86)\Microchip\xc8\v2.00\pic\include\pic16f887.h"
   202                           SPBRGH equ 09Ah ;# 
   203  009A                     # 2776 "C:\Program Files (x86)\Microchip\xc8\v2.00\pic\include\pic16f887.h"
   204                           PWM1CON equ 09Bh ;# 
   205  009B                     # 2846 "C:\Program Files (x86)\Microchip\xc8\v2.00\pic\include\pic16f887.h"
   206                           ECCPAS equ 09Ch ;# 
   207  009C                     # 2928 "C:\Program Files (x86)\Microchip\xc8\v2.00\pic\include\pic16f887.h"
   208                           PSTRCON equ 09Dh ;# 
   209  009D                     # 2972 "C:\Program Files (x86)\Microchip\xc8\v2.00\pic\include\pic16f887.h"
   210                           ADRESL equ 09Eh ;# 
   211  009E                     # 2979 "C:\Program Files (x86)\Microchip\xc8\v2.00\pic\include\pic16f887.h"
   212                           ADCON1 equ 09Fh ;# 
   213  009F                     # 3013 "C:\Program Files (x86)\Microchip\xc8\v2.00\pic\include\pic16f887.h"
   214                           WDTCON equ 0105h ;# 
   215  0105                     # 3066 "C:\Program Files (x86)\Microchip\xc8\v2.00\pic\include\pic16f887.h"
   216                           CM1CON0 equ 0107h ;# 
   217  0107                     # 3131 "C:\Program Files (x86)\Microchip\xc8\v2.00\pic\include\pic16f887.h"
   218                           CM2CON0 equ 0108h ;# 
   219  0108                     # 3196 "C:\Program Files (x86)\Microchip\xc8\v2.00\pic\include\pic16f887.h"
   220                           CM2CON1 equ 0109h ;# 
   221  0109                     # 3247 "C:\Program Files (x86)\Microchip\xc8\v2.00\pic\include\pic16f887.h"
   222                           EEDATA equ 010Ch ;# 
   223  010C                     # 3252 "C:\Program Files (x86)\Microchip\xc8\v2.00\pic\include\pic16f887.h"
   224                           EEDAT equ 010Ch ;# 
   225  010C                     # 3259 "C:\Program Files (x86)\Microchip\xc8\v2.00\pic\include\pic16f887.h"
   226                           EEADR equ 010Dh ;# 
   227  010D                     # 3266 "C:\Program Files (x86)\Microchip\xc8\v2.00\pic\include\pic16f887.h"
   228                           EEDATH equ 010Eh ;# 
   229  010E                     # 3273 "C:\Program Files (x86)\Microchip\xc8\v2.00\pic\include\pic16f887.h"
   230                           EEADRH equ 010Fh ;# 
   231  010F                     # 3280 "C:\Program Files (x86)\Microchip\xc8\v2.00\pic\include\pic16f887.h"
   232                           SRCON equ 0185h ;# 
   233  0185                     # 3337 "C:\Program Files (x86)\Microchip\xc8\v2.00\pic\include\pic16f887.h"
   234                           BAUDCTL equ 0187h ;# 
   235  0187                     # 3389 "C:\Program Files (x86)\Microchip\xc8\v2.00\pic\include\pic16f887.h"
   236                           ANSEL equ 0188h ;# 
   237  0188                     # 3451 "C:\Program Files (x86)\Microchip\xc8\v2.00\pic\include\pic16f887.h"
   238                           ANSELH equ 0189h ;# 
   239  0189                     # 3501 "C:\Program Files (x86)\Microchip\xc8\v2.00\pic\include\pic16f887.h"
   240                           EECON1 equ 018Ch ;# 
   241  018C                     # 3546 "C:\Program Files (x86)\Microchip\xc8\v2.00\pic\include\pic16f887.h"
   242                           EECON2 equ 018Dh ;# 
   243  018D                     # 54 "C:\Program Files (x86)\Microchip\xc8\v2.00\pic\include\pic16f887.h"
   244                           INDF equ 00h ;# 
   245  0000                     # 61 "C:\Program Files (x86)\Microchip\xc8\v2.00\pic\include\pic16f887.h"
   246                           TMR0 equ 01h ;# 
   247  0001                     # 68 "C:\Program Files (x86)\Microchip\xc8\v2.00\pic\include\pic16f887.h"
   248                           PCL equ 02h ;# 
   249  0002                     # 75 "C:\Program Files (x86)\Microchip\xc8\v2.00\pic\include\pic16f887.h"
   250                           STATUS equ 03h ;# 
   251  0003                     # 161 "C:\Program Files (x86)\Microchip\xc8\v2.00\pic\include\pic16f887.h"
   252                           FSR equ 04h ;# 
   253  0004                     # 168 "C:\Program Files (x86)\Microchip\xc8\v2.00\pic\include\pic16f887.h"
   254                           PORTA equ 05h ;# 
   255  0005                     # 230 "C:\Program Files (x86)\Microchip\xc8\v2.00\pic\include\pic16f887.h"
   256                           PORTB equ 06h ;# 
   257  0006                     # 292 "C:\Program Files (x86)\Microchip\xc8\v2.00\pic\include\pic16f887.h"
   258                           PORTC equ 07h ;# 
   259  0007                     # 354 "C:\Program Files (x86)\Microchip\xc8\v2.00\pic\include\pic16f887.h"
   260                           PORTD equ 08h ;# 
   261  0008                     # 416 "C:\Program Files (x86)\Microchip\xc8\v2.00\pic\include\pic16f887.h"
   262                           PORTE equ 09h ;# 
   263  0009                     # 454 "C:\Program Files (x86)\Microchip\xc8\v2.00\pic\include\pic16f887.h"
   264                           PCLATH equ 0Ah ;# 
   265  000A                     # 461 "C:\Program Files (x86)\Microchip\xc8\v2.00\pic\include\pic16f887.h"
   266                           INTCON equ 0Bh ;# 
   267  000B                     # 539 "C:\Program Files (x86)\Microchip\xc8\v2.00\pic\include\pic16f887.h"
   268                           PIR1 equ 0Ch ;# 
   269  000C                     # 595 "C:\Program Files (x86)\Microchip\xc8\v2.00\pic\include\pic16f887.h"
   270                           PIR2 equ 0Dh ;# 
   271  000D                     # 652 "C:\Program Files (x86)\Microchip\xc8\v2.00\pic\include\pic16f887.h"
   272                           TMR1 equ 0Eh ;# 
   273  000E                     # 659 "C:\Program Files (x86)\Microchip\xc8\v2.00\pic\include\pic16f887.h"
   274                           TMR1L equ 0Eh ;# 
   275  000E                     # 666 "C:\Program Files (x86)\Microchip\xc8\v2.00\pic\include\pic16f887.h"
   276                           TMR1H equ 0Fh ;# 
   277  000F                     # 673 "C:\Program Files (x86)\Microchip\xc8\v2.00\pic\include\pic16f887.h"
   278                           T1CON equ 010h ;# 
   279  0010                     # 767 "C:\Program Files (x86)\Microchip\xc8\v2.00\pic\include\pic16f887.h"
   280                           TMR2 equ 011h ;# 
   281  0011                     # 774 "C:\Program Files (x86)\Microchip\xc8\v2.00\pic\include\pic16f887.h"
   282                           T2CON equ 012h ;# 
   283  0012                     # 845 "C:\Program Files (x86)\Microchip\xc8\v2.00\pic\include\pic16f887.h"
   284                           SSPBUF equ 013h ;# 
   285  0013                     # 852 "C:\Program Files (x86)\Microchip\xc8\v2.00\pic\include\pic16f887.h"
   286                           SSPCON equ 014h ;# 
   287  0014                     # 922 "C:\Program Files (x86)\Microchip\xc8\v2.00\pic\include\pic16f887.h"
   288                           CCPR1 equ 015h ;# 
   289  0015                     # 929 "C:\Program Files (x86)\Microchip\xc8\v2.00\pic\include\pic16f887.h"
   290                           CCPR1L equ 015h ;# 
   291  0015                     # 936 "C:\Program Files (x86)\Microchip\xc8\v2.00\pic\include\pic16f887.h"
   292                           CCPR1H equ 016h ;# 
   293  0016                     # 943 "C:\Program Files (x86)\Microchip\xc8\v2.00\pic\include\pic16f887.h"
   294                           CCP1CON equ 017h ;# 
   295  0017                     # 1040 "C:\Program Files (x86)\Microchip\xc8\v2.00\pic\include\pic16f887.h"
   296                           RCSTA equ 018h ;# 
   297  0018                     # 1135 "C:\Program Files (x86)\Microchip\xc8\v2.00\pic\include\pic16f887.h"
   298                           TXREG equ 019h ;# 
   299  0019                     # 1142 "C:\Program Files (x86)\Microchip\xc8\v2.00\pic\include\pic16f887.h"
   300                           RCREG equ 01Ah ;# 
   301  001A                     # 1149 "C:\Program Files (x86)\Microchip\xc8\v2.00\pic\include\pic16f887.h"
   302                           CCPR2 equ 01Bh ;# 
   303  001B                     # 1156 "C:\Program Files (x86)\Microchip\xc8\v2.00\pic\include\pic16f887.h"
   304                           CCPR2L equ 01Bh ;# 
   305  001B                     # 1163 "C:\Program Files (x86)\Microchip\xc8\v2.00\pic\include\pic16f887.h"
   306                           CCPR2H equ 01Ch ;# 
   307  001C                     # 1170 "C:\Program Files (x86)\Microchip\xc8\v2.00\pic\include\pic16f887.h"
   308                           CCP2CON equ 01Dh ;# 
   309  001D                     # 1240 "C:\Program Files (x86)\Microchip\xc8\v2.00\pic\include\pic16f887.h"
   310                           ADRESH equ 01Eh ;# 
   311  001E                     # 1247 "C:\Program Files (x86)\Microchip\xc8\v2.00\pic\include\pic16f887.h"
   312                           ADCON0 equ 01Fh ;# 
   313  001F                     # 1348 "C:\Program Files (x86)\Microchip\xc8\v2.00\pic\include\pic16f887.h"
   314                           OPTION_REG equ 081h ;# 
   315  0081                     # 1418 "C:\Program Files (x86)\Microchip\xc8\v2.00\pic\include\pic16f887.h"
   316                           TRISA equ 085h ;# 
   317  0085                     # 1480 "C:\Program Files (x86)\Microchip\xc8\v2.00\pic\include\pic16f887.h"
   318                           TRISB equ 086h ;# 
   319  0086                     # 1542 "C:\Program Files (x86)\Microchip\xc8\v2.00\pic\include\pic16f887.h"
   320                           TRISC equ 087h ;# 
   321  0087                     # 1604 "C:\Program Files (x86)\Microchip\xc8\v2.00\pic\include\pic16f887.h"
   322                           TRISD equ 088h ;# 
   323  0088                     # 1666 "C:\Program Files (x86)\Microchip\xc8\v2.00\pic\include\pic16f887.h"
   324                           TRISE equ 089h ;# 
   325  0089                     # 1704 "C:\Program Files (x86)\Microchip\xc8\v2.00\pic\include\pic16f887.h"
   326                           PIE1 equ 08Ch ;# 
   327  008C                     # 1760 "C:\Program Files (x86)\Microchip\xc8\v2.00\pic\include\pic16f887.h"
   328                           PIE2 equ 08Dh ;# 
   329  008D                     # 1817 "C:\Program Files (x86)\Microchip\xc8\v2.00\pic\include\pic16f887.h"
   330                           PCON equ 08Eh ;# 
   331  008E                     # 1864 "C:\Program Files (x86)\Microchip\xc8\v2.00\pic\include\pic16f887.h"
   332                           OSCCON equ 08Fh ;# 
   333  008F                     # 1929 "C:\Program Files (x86)\Microchip\xc8\v2.00\pic\include\pic16f887.h"
   334                           OSCTUNE equ 090h ;# 
   335  0090                     # 1981 "C:\Program Files (x86)\Microchip\xc8\v2.00\pic\include\pic16f887.h"
   336                           SSPCON2 equ 091h ;# 
   337  0091                     # 2043 "C:\Program Files (x86)\Microchip\xc8\v2.00\pic\include\pic16f887.h"
   338                           PR2 equ 092h ;# 
   339  0092                     # 2050 "C:\Program Files (x86)\Microchip\xc8\v2.00\pic\include\pic16f887.h"
   340                           SSPADD equ 093h ;# 
   341  0093                     # 2057 "C:\Program Files (x86)\Microchip\xc8\v2.00\pic\include\pic16f887.h"
   342                           SSPMSK equ 093h ;# 
   343  0093                     # 2062 "C:\Program Files (x86)\Microchip\xc8\v2.00\pic\include\pic16f887.h"
   344                           MSK equ 093h ;# 
   345  0093                     # 2179 "C:\Program Files (x86)\Microchip\xc8\v2.00\pic\include\pic16f887.h"
   346                           SSPSTAT equ 094h ;# 
   347  0094                     # 2348 "C:\Program Files (x86)\Microchip\xc8\v2.00\pic\include\pic16f887.h"
   348                           WPUB equ 095h ;# 
   349  0095                     # 2418 "C:\Program Files (x86)\Microchip\xc8\v2.00\pic\include\pic16f887.h"
   350                           IOCB equ 096h ;# 
   351  0096                     # 2488 "C:\Program Files (x86)\Microchip\xc8\v2.00\pic\include\pic16f887.h"
   352                           VRCON equ 097h ;# 
   353  0097                     # 2558 "C:\Program Files (x86)\Microchip\xc8\v2.00\pic\include\pic16f887.h"
   354                           TXSTA equ 098h ;# 
   355  0098                     # 2644 "C:\Program Files (x86)\Microchip\xc8\v2.00\pic\include\pic16f887.h"
   356                           SPBRG equ 099h ;# 
   357  0099                     # 2706 "C:\Program Files (x86)\Microchip\xc8\v2.00\pic\include\pic16f887.h"
   358                           SPBRGH equ 09Ah ;# 
   359  009A                     # 2776 "C:\Program Files (x86)\Microchip\xc8\v2.00\pic\include\pic16f887.h"
   360                           PWM1CON equ 09Bh ;# 
   361  009B                     # 2846 "C:\Program Files (x86)\Microchip\xc8\v2.00\pic\include\pic16f887.h"
   362                           ECCPAS equ 09Ch ;# 
   363  009C                     # 2928 "C:\Program Files (x86)\Microchip\xc8\v2.00\pic\include\pic16f887.h"
   364                           PSTRCON equ 09Dh ;# 
   365  009D                     # 2972 "C:\Program Files (x86)\Microchip\xc8\v2.00\pic\include\pic16f887.h"
   366                           ADRESL equ 09Eh ;# 
   367  009E                     # 2979 "C:\Program Files (x86)\Microchip\xc8\v2.00\pic\include\pic16f887.h"
   368                           ADCON1 equ 09Fh ;# 
   369  009F                     # 3013 "C:\Program Files (x86)\Microchip\xc8\v2.00\pic\include\pic16f887.h"
   370                           WDTCON equ 0105h ;# 
   371  0105                     # 3066 "C:\Program Files (x86)\Microchip\xc8\v2.00\pic\include\pic16f887.h"
   372                           CM1CON0 equ 0107h ;# 
   373  0107                     # 3131 "C:\Program Files (x86)\Microchip\xc8\v2.00\pic\include\pic16f887.h"
   374                           CM2CON0 equ 0108h ;# 
   375  0108                     # 3196 "C:\Program Files (x86)\Microchip\xc8\v2.00\pic\include\pic16f887.h"
   376                           CM2CON1 equ 0109h ;# 
   377  0109                     # 3247 "C:\Program Files (x86)\Microchip\xc8\v2.00\pic\include\pic16f887.h"
   378                           EEDATA equ 010Ch ;# 
   379  010C                     # 3252 "C:\Program Files (x86)\Microchip\xc8\v2.00\pic\include\pic16f887.h"
   380                           EEDAT equ 010Ch ;# 
   381  010C                     # 3259 "C:\Program Files (x86)\Microchip\xc8\v2.00\pic\include\pic16f887.h"
   382                           EEADR equ 010Dh ;# 
   383  010D                     # 3266 "C:\Program Files (x86)\Microchip\xc8\v2.00\pic\include\pic16f887.h"
   384                           EEDATH equ 010Eh ;# 
   385  010E                     # 3273 "C:\Program Files (x86)\Microchip\xc8\v2.00\pic\include\pic16f887.h"
   386                           EEADRH equ 010Fh ;# 
   387  010F                     # 3280 "C:\Program Files (x86)\Microchip\xc8\v2.00\pic\include\pic16f887.h"
   388                           SRCON equ 0185h ;# 
   389  0185                     # 3337 "C:\Program Files (x86)\Microchip\xc8\v2.00\pic\include\pic16f887.h"
   390                           BAUDCTL equ 0187h ;# 
   391  0187                     # 3389 "C:\Program Files (x86)\Microchip\xc8\v2.00\pic\include\pic16f887.h"
   392                           ANSEL equ 0188h ;# 
   393  0188                     # 3451 "C:\Program Files (x86)\Microchip\xc8\v2.00\pic\include\pic16f887.h"
   394                           ANSELH equ 0189h ;# 
   395  0189                     # 3501 "C:\Program Files (x86)\Microchip\xc8\v2.00\pic\include\pic16f887.h"
   396                           EECON1 equ 018Ch ;# 
   397  018C                     # 3546 "C:\Program Files (x86)\Microchip\xc8\v2.00\pic\include\pic16f887.h"
   398                           EECON2 equ 018Dh ;# 
   399  018D                     	FNCALL	_main,_LCD_init
   400                           	FNCALL	_main,_LCD_on
   401                           	FNCALL	_main,_LCD_print
   402                           	FNCALL	_LCD_print,_LCD_printChar
   403                           	FNROOT	_main
   404                           	global	_PORTDbits
   405                           _PORTDbits	set	0x8
   406  0008                     	global	_PORTB
   407                           _PORTB	set	0x6
   408  0006                     	global	_TRISB
   409                           _TRISB	set	0x86
   410  0086                     	global	_TRISDbits
   411                           _TRISDbits	set	0x88
   412  0088                     	global	_ANSELH
   413                           _ANSELH	set	0x189
   414  0189                     psect	strings,class=STRING,delta=2,noexec
   415                           global __pstrings
   416                           __pstrings:
   417  0003                     stringtab:
   418  0003                     	global    __stringtab
   419                           __stringtab:
   420  0003                     ;	String table - string pointers are 1 byte each
   421                           stringcode:stringdir:
   422  0003                     movlw high(stringdir)
      + 0003                     stringdir:	
   423  0003  3000               movwf pclath
   424  0004  008A               movf fsr,w
   425  0005  0804               incf fsr
   426  0006  0A84               	addwf pc
   427  0007  0782               	global __stringbase
   428                           __stringbase:
   429  0008                     	retlw	0
   430  0008  3400               psect	strings
   431                           	global    __end_of__stringtab
   432                           __end_of__stringtab:
   433  0009                     	
   434                           STR_1:	
   435  0009                     	retlw	83	;'S'
   436  0009  3453               	retlw	69	;'E'
   437  000A  3445               	retlw	78	;'N'
   438  000B  344E               	retlw	65	;'A'
   439  000C  3441               	retlw	73	;'I'
   440  000D  3449               	retlw	0
   441  000E  3400               psect	strings
   442                           ; #config settings
   443                           global __CFG_FOSC$INTRC_NOCLKOUT
   444                           __CFG_FOSC$INTRC_NOCLKOUT equ 0x0
   445  0000                     global __CFG_WDTE$OFF
   446                           __CFG_WDTE$OFF equ 0x0
   447  0000                     global __CFG_PWRTE$OFF
   448                           __CFG_PWRTE$OFF equ 0x0
   449  0000                     global __CFG_MCLRE$OFF
   450                           __CFG_MCLRE$OFF equ 0x0
   451  0000                     global __CFG_CP$OFF
   452                           __CFG_CP$OFF equ 0x0
   453  0000                     global __CFG_CPD$OFF
   454                           __CFG_CPD$OFF equ 0x0
   455  0000                     global __CFG_BOREN$OFF
   456                           __CFG_BOREN$OFF equ 0x0
   457  0000                     global __CFG_IESO$OFF
   458                           __CFG_IESO$OFF equ 0x0
   459  0000                     global __CFG_FCMEN$OFF
   460                           __CFG_FCMEN$OFF equ 0x0
   461  0000                     global __CFG_LVP$OFF
   462                           __CFG_LVP$OFF equ 0x0
   463  0000                     global __CFG_BOR4V$BOR40V
   464                           __CFG_BOR4V$BOR40V equ 0x0
   465  0000                     global __CFG_WRT$OFF
   466                           __CFG_WRT$OFF equ 0x0
   467  0000                     	file	"C:\Users\20185090\AppData\Local\Temp\s578."
   468                           	line	#
   469                           psect cinit,class=CODE,delta=2
   470                           global start_initialization
   471                           start_initialization:
   472  07FC                     
   473                           global __initialization
   474                           __initialization:
   475  07FC                     psect cinit,class=CODE,delta=2,merge=1
   476                           global end_of_initialization,__end_of__initialization
   477                           
   478                           ;End of C runtime variable initialization code
   479                           
   480                           end_of_initialization:
   481  07FC                     __end_of__initialization:
   482  07FC                     clrf status
   483  07FC  0183               ljmp _main	;jump to C main() function
   484  07FD  120A  118A  2FC4   psect	cstackCOMMON,class=COMMON,space=1,noexec
   485                           global __pcstackCOMMON
   486                           __pcstackCOMMON:
   487  0070                     ?_LCD_init:	; 1 bytes @ 0x0
   488  0070                     ??_LCD_init:	; 1 bytes @ 0x0
   489  0070                     ?_LCD_on:	; 1 bytes @ 0x0
   490  0070                     ??_LCD_on:	; 1 bytes @ 0x0
   491  0070                     ?_LCD_printChar:	; 1 bytes @ 0x0
   492  0070                     ??_LCD_printChar:	; 1 bytes @ 0x0
   493  0070                     ?_LCD_print:	; 1 bytes @ 0x0
   494  0070                     ?_main:	; 1 bytes @ 0x0
   495  0070                     	ds	1
   496  0070                     	global	LCD_printChar@c
   497                           LCD_printChar@c:	; 1 bytes @ 0x1
   498  0071                     	ds	1
   499  0071                     ??_LCD_print:	; 1 bytes @ 0x2
   500  0072                     	ds	1
   501  0072                     	global	LCD_print@str
   502                           LCD_print@str:	; 1 bytes @ 0x3
   503  0073                     	ds	1
   504  0073                     	global	LCD_print@i
   505                           LCD_print@i:	; 1 bytes @ 0x4
   506  0074                     	ds	1
   507  0074                     ??_main:	; 1 bytes @ 0x5
   508  0075                     ;!
   509                           ;!Data Sizes:
   510                           ;!    Strings     6
   511                           ;!    Constant    0
   512                           ;!    Data        0
   513                           ;!    BSS         0
   514                           ;!    Persistent  0
   515                           ;!    Stack       0
   516                           ;!
   517                           ;!Auto Spaces:
   518                           ;!    Space          Size  Autos    Used
   519                           ;!    COMMON           14      5       5
   520                           ;!    BANK0            80      0       0
   521                           ;!    BANK1            80      0       0
   522                           ;!    BANK3            96      0       0
   523                           ;!    BANK2            96      0       0
   524                           
   525                           ;!
   526                           ;!Pointer List with Targets:
   527                           ;!
   528                           ;!    LCD_print@str	PTR unsigned char  size(1) Largest target is 6
   529                           ;!		 -> STR_1(CODE[6]), 
   530                           ;!
   531                           
   532                           
   533                           ;!
   534                           ;!Critical Paths under _main in COMMON
   535                           ;!
   536                           ;!    _main->_LCD_print
   537                           ;!    _LCD_print->_LCD_printChar
   538                           ;!
   539                           ;!Critical Paths under _main in BANK0
   540                           ;!
   541                           ;!    None.
   542                           ;!
   543                           ;!Critical Paths under _main in BANK1
   544                           ;!
   545                           ;!    None.
   546                           ;!
   547                           ;!Critical Paths under _main in BANK3
   548                           ;!
   549                           ;!    None.
   550                           ;!
   551                           ;!Critical Paths under _main in BANK2
   552                           ;!
   553                           ;!    None.
   554                           
   555 ;;
   556 ;;Main: autosize = 0, tempsize = 0, incstack = 0, save=0
   557 ;;
   558                           
   559                           ;!
   560                           ;!Call Graph Tables:
   561                           ;!
   562                           ;! ---------------------------------------------------------------------------------
   563                           ;! (Depth) Function   	        Calls       Base Space   Used Autos Params    Refs
   564                           ;! ---------------------------------------------------------------------------------
   565                           ;! (0) _main                                                 0     0      0     138
   566                           ;!                           _LCD_init
   567                           ;!                             _LCD_on
   568                           ;!                          _LCD_print
   569                           ;! ---------------------------------------------------------------------------------
   570                           ;! (1) _LCD_print                                            3     3      0     138
   571                           ;!                                              2 COMMON     3     3      0
   572                           ;!                      _LCD_printChar
   573                           ;! ---------------------------------------------------------------------------------
   574                           ;! (2) _LCD_printChar                                        2     2      0      15
   575                           ;!                                              0 COMMON     2     2      0
   576                           ;! ---------------------------------------------------------------------------------
   577                           ;! (1) _LCD_on                                               1     1      0       0
   578                           ;!                                              0 COMMON     1     1      0
   579                           ;! ---------------------------------------------------------------------------------
   580                           ;! (1) _LCD_init                                             0     0      0       0
   581                           ;! ---------------------------------------------------------------------------------
   582                           ;! Estimated maximum stack depth 2
   583                           ;! ---------------------------------------------------------------------------------
   584                           ;!
   585                           ;! Call Graph Graphs:
   586                           ;!
   587                           ;! _main (ROOT)
   588                           ;!   _LCD_init
   589                           ;!   _LCD_on
   590                           ;!   _LCD_print
   591                           ;!     _LCD_printChar
   592                           ;!
   593                           
   594                           ;! Address spaces:
   595                           
   596                           ;!Name               Size   Autos  Total    Cost      Usage
   597                           ;!BITCOMMON            E      0       0       0        0.0%
   598                           ;!EEDATA             100      0       0       0        0.0%
   599                           ;!NULL                 0      0       0       0        0.0%
   600                           ;!CODE                 0      0       0       0        0.0%
   601                           ;!COMMON               E      5       5       1       35.7%
   602                           ;!BITSFR0              0      0       0       1        0.0%
   603                           ;!SFR0                 0      0       0       1        0.0%
   604                           ;!BITSFR1              0      0       0       2        0.0%
   605                           ;!SFR1                 0      0       0       2        0.0%
   606                           ;!STACK                0      0       0       2        0.0%
   607                           ;!ABS                  0      0       0       3        0.0%
   608                           ;!BITBANK0            50      0       0       4        0.0%
   609                           ;!BITSFR3              0      0       0       4        0.0%
   610                           ;!SFR3                 0      0       0       4        0.0%
   611                           ;!BANK0               50      0       0       5        0.0%
   612                           ;!BITSFR2              0      0       0       5        0.0%
   613                           ;!SFR2                 0      0       0       5        0.0%
   614                           ;!BITBANK1            50      0       0       6        0.0%
   615                           ;!BANK1               50      0       0       7        0.0%
   616                           ;!BITBANK3            60      0       0       8        0.0%
   617                           ;!BANK3               60      0       0       9        0.0%
   618                           ;!BITBANK2            60      0       0      10        0.0%
   619                           ;!BANK2               60      0       0      11        0.0%
   620                           ;!DATA                 0      0       0      12        0.0%
   621                           
   622                           	global	_main
   623                           
   624 ;; *************** function _main *****************
   625 ;; Defined at:
   626 ;;		line 64 in file "main.c"
   627 ;; Parameters:    Size  Location     Type
   628 ;;		None
   629 ;; Auto vars:     Size  Location     Type
   630 ;;		None
   631 ;; Return value:  Size  Location     Type
   632 ;;                  1    wreg      void 
   633 ;; Registers used:
   634 ;;		wreg, fsr0l, fsr0h, status,2, status,0, pclath, cstack
   635 ;; Tracked objects:
   636 ;;		On entry : B00/0
   637 ;;		On exit  : 0/0
   638 ;;		Unchanged: 0/0
   639 ;; Data sizes:     COMMON   BANK0   BANK1   BANK3   BANK2
   640 ;;      Params:         0       0       0       0       0
   641 ;;      Locals:         0       0       0       0       0
   642 ;;      Temps:          0       0       0       0       0
   643 ;;      Totals:         0       0       0       0       0
   644 ;;Total ram usage:        0 bytes
   645 ;; Hardware stack levels required when called:    2
   646 ;; This function calls:
   647 ;;		_LCD_init
   648 ;;		_LCD_on
   649 ;;		_LCD_print
   650 ;; This function is called by:
   651 ;;		Startup code after reset
   652 ;; This function uses a non-reentrant model
   653 ;;
   654                           psect	maintext,global,class=CODE,delta=2,split=1,group=0
   655                           	file	"main.c"
   656                           	line	64
   657                           global __pmaintext
   658                           __pmaintext:	;psect for function _main
   659  07C4                     psect	maintext
   660                           	file	"main.c"
   661                           	line	64
   662                           	global	__size_of_main
   663                           	__size_of_main	equ	__end_of_main-_main
   664  0014                     	
   665                           _main:	
   666  07C4                     ;incstack = 0
   667                           	opt	stack 6
   668                           ; Regs used in _main: [wreg-fsr0h+status,2+status,0+pclath+cstack]
   669                           	line	66
   670                           	
   671                           l654:	
   672  07C4                     ;main.c: 66:     LCD_init();
   673                           	fcall	_LCD_init
   674  07C4  120A  118A  27B4  120A  118A  	line	67
   675                           	
   676                           l656:	
   677  07C9                     ;main.c: 67:     LCD_on();
   678                           	fcall	_LCD_on
   679  07C9  120A  118A  2796  120A  118A  	line	68
   680                           	
   681                           l658:	
   682  07CE                     ;main.c: 68:     LCD_print("SENAI");
   683                           	movlw	(low((((STR_1)-__stringbase)|8000h)))&0ffh
   684  07CE  3001               	fcall	_LCD_print
   685  07CF  120A  118A  27D8  120A  118A  	line	70
   686                           ;main.c: 70:     while( 1 )
   687                           	
   688                           l32:	
   689  07D4                     	line	74
   690                           ;main.c: 71:     {;main.c: 74:     }
   691                           	
   692                           l33:	
   693  07D4                     	goto	l32
   694  07D4  2FD4               	
   695                           l34:	
   696  07D5                     	line	78
   697                           	
   698                           l35:	
   699  07D5                     	global	start
   700                           	ljmp	start
   701  07D5  120A  118A  2800   	opt stack 0
   702                           GLOBAL	__end_of_main
   703                           	__end_of_main:
   704  07D8                     	signat	_main,89
   705                           	global	_LCD_print
   706                           
   707 ;; *************** function _LCD_print *****************
   708 ;; Defined at:
   709 ;;		line 53 in file "main.c"
   710 ;; Parameters:    Size  Location     Type
   711 ;;  str             1    wreg     PTR unsigned char 
   712 ;;		 -> STR_1(6), 
   713 ;; Auto vars:     Size  Location     Type
   714 ;;  str             1    3[COMMON] PTR unsigned char 
   715 ;;		 -> STR_1(6), 
   716 ;;  i               1    4[COMMON] unsigned char 
   717 ;; Return value:  Size  Location     Type
   718 ;;                  1    wreg      void 
   719 ;; Registers used:
   720 ;;		wreg, fsr0l, fsr0h, status,2, status,0, pclath, cstack
   721 ;; Tracked objects:
   722 ;;		On entry : 0/0
   723 ;;		On exit  : 0/0
   724 ;;		Unchanged: 0/0
   725 ;; Data sizes:     COMMON   BANK0   BANK1   BANK3   BANK2
   726 ;;      Params:         0       0       0       0       0
   727 ;;      Locals:         2       0       0       0       0
   728 ;;      Temps:          1       0       0       0       0
   729 ;;      Totals:         3       0       0       0       0
   730 ;;Total ram usage:        3 bytes
   731 ;; Hardware stack levels used:    1
   732 ;; Hardware stack levels required when called:    1
   733 ;; This function calls:
   734 ;;		_LCD_printChar
   735 ;; This function is called by:
   736 ;;		_main
   737 ;; This function uses a non-reentrant model
   738 ;;
   739                           psect	text1,local,class=CODE,delta=2,merge=1,group=0
   740                           	line	53
   741                           global __ptext1
   742                           __ptext1:	;psect for function _LCD_print
   743  07D8                     psect	text1
   744                           	file	"main.c"
   745                           	line	53
   746                           	global	__size_of_LCD_print
   747                           	__size_of_LCD_print	equ	__end_of_LCD_print-_LCD_print
   748  0024                     	
   749                           _LCD_print:	
   750  07D8                     ;incstack = 0
   751                           	opt	stack 6
   752                           ; Regs used in _LCD_print: [wreg-fsr0h+status,2+status,0+pclath+cstack]
   753                           ;LCD_print@str stored from wreg
   754                           	movwf	(LCD_print@str)
   755  07D8  00F3               	line	55
   756                           	
   757                           l646:	
   758  07D9                     ;main.c: 53: void LCD_print( char *str );main.c: 54: {;main.c: 55:     char i = 0;
   759                           	clrf	(LCD_print@i)
   760  07D9  01F4               	line	57
   761                           ;main.c: 57:     while( *(str+i) != 0 )
   762                           	goto	l652
   763  07DA  2FED               	
   764                           l25:	
   765  07DB                     	line	59
   766                           	
   767                           l648:	
   768  07DB                     ;main.c: 58:     {;main.c: 59:         LCD_printChar(*(str+i));
   769                           	movf	(LCD_print@i),w
   770  07DB  0874               	addwf	(LCD_print@str),w
   771  07DC  0773               	movwf	fsr0
   772  07DD  0084               	fcall	stringdir
   773  07DE  120A  118A  2003  120A  118A  	fcall	_LCD_printChar
   774  07E3  120A  118A  27A5  120A  118A  	line	60
   775                           	
   776                           l650:	
   777  07E8                     ;main.c: 60:         ++i;
   778                           	movlw	low(01h)
   779  07E8  3001               	movwf	(??_LCD_print+0)+0
   780  07E9  00F2               	movf	(??_LCD_print+0)+0,w
   781  07EA  0872               	addwf	(LCD_print@i),f
   782  07EB  07F4               	goto	l652
   783  07EC  2FED               	line	61
   784                           ;main.c: 61:     }
   785                           	
   786                           l24:	
   787  07ED                     	line	57
   788                           	
   789                           l652:	
   790  07ED                     ;main.c: 57:     while( *(str+i) != 0 )
   791                           	movf	(LCD_print@i),w
   792  07ED  0874               	addwf	(LCD_print@str),w
   793  07EE  0773               	movwf	fsr0
   794  07EF  0084               	fcall	stringdir
   795  07F0  120A  118A  2003  120A  118A  	xorlw	0
   796  07F5  3A00               	skipz
   797  07F6  1D03               	goto	u21
   798  07F7  2FF9               	goto	u20
   799  07F8  2FFA               u21:
   800  07F9                     	goto	l648
   801  07F9  2FDB               u20:
   802  07FA                     	goto	l27
   803  07FA  2FFB               	
   804                           l26:	
   805  07FB                     	line	62
   806                           	
   807                           l27:	
   808  07FB                     	return
   809  07FB  0008               	opt stack 0
   810                           GLOBAL	__end_of_LCD_print
   811                           	__end_of_LCD_print:
   812  07FC                     	signat	_LCD_print,4217
   813                           	global	_LCD_printChar
   814                           
   815 ;; *************** function _LCD_printChar *****************
   816 ;; Defined at:
   817 ;;		line 43 in file "main.c"
   818 ;; Parameters:    Size  Location     Type
   819 ;;  c               1    wreg     unsigned char 
   820 ;; Auto vars:     Size  Location     Type
   821 ;;  c               1    1[COMMON] unsigned char 
   822 ;; Return value:  Size  Location     Type
   823 ;;                  1    wreg      void 
   824 ;; Registers used:
   825 ;;		wreg
   826 ;; Tracked objects:
   827 ;;		On entry : 0/0
   828 ;;		On exit  : 0/0
   829 ;;		Unchanged: 0/0
   830 ;; Data sizes:     COMMON   BANK0   BANK1   BANK3   BANK2
   831 ;;      Params:         0       0       0       0       0
   832 ;;      Locals:         1       0       0       0       0
   833 ;;      Temps:          1       0       0       0       0
   834 ;;      Totals:         2       0       0       0       0
   835 ;;Total ram usage:        2 bytes
   836 ;; Hardware stack levels used:    1
   837 ;; This function calls:
   838 ;;		Nothing
   839 ;; This function is called by:
   840 ;;		_LCD_print
   841 ;; This function uses a non-reentrant model
   842 ;;
   843                           psect	text2,local,class=CODE,delta=2,merge=1,group=0
   844                           	line	43
   845                           global __ptext2
   846                           __ptext2:	;psect for function _LCD_printChar
   847  07A5                     psect	text2
   848                           	file	"main.c"
   849                           	line	43
   850                           	global	__size_of_LCD_printChar
   851                           	__size_of_LCD_printChar	equ	__end_of_LCD_printChar-_LCD_printChar
   852  000F                     	
   853                           _LCD_printChar:	
   854  07A5                     ;incstack = 0
   855                           	opt	stack 6
   856                           ; Regs used in _LCD_printChar: [wreg]
   857                           ;LCD_printChar@c stored from wreg
   858                           	movwf	(LCD_printChar@c)
   859  07A5  00F1               	line	45
   860                           	
   861                           l608:	
   862  07A6                     ;main.c: 43: void LCD_printChar( char c );main.c: 44: {;main.c: 45:     PORTDbits.RD6 = 
                                 1;;
   863                           	bcf	status, 5	;RP0=0, select bank0
   864  07A6  1283               	bcf	status, 6	;RP1=0, select bank0
   865  07A7  1303               	bsf	(8),6	;volatile
   866  07A8  1708               	line	46
   867                           	
   868                           l610:	
   869  07A9                     ;main.c: 46:     PORTB = c;
   870                           	movf	(LCD_printChar@c),w
   871  07A9  0871               	movwf	(6)	;volatile
   872  07AA  0086               	line	47
   873                           	
   874                           l612:	
   875  07AB                     ;main.c: 47:     PORTDbits.RD7 = 0;
   876                           	bcf	(8),7	;volatile
   877  07AB  1388               	line	48
   878                           ;main.c: 48:     _delay((unsigned long)((40)*(4000000/4000000.0)));
   879                           	opt asmopt_push
   880                           opt asmopt_off
   881                           	movlw	13
   882  07AC  300D               movwf	((??_LCD_printChar+0)+0),f
   883  07AD  00F0               	u37:
   884  07AE                     decfsz	(??_LCD_printChar+0)+0,f
   885  07AE  0BF0               	goto	u37
   886  07AF  2FAE               opt asmopt_pop
   887                           
   888                           	line	49
   889                           	
   890                           l614:	
   891  07B0                     ;main.c: 49:     PORTDbits.RD7 = 1;
   892                           	bcf	status, 5	;RP0=0, select bank0
   893  07B0  1283               	bcf	status, 6	;RP1=0, select bank0
   894  07B1  1303               	bsf	(8),7	;volatile
   895  07B2  1788               	line	51
   896                           	
   897                           l21:	
   898  07B3                     	return
   899  07B3  0008               	opt stack 0
   900                           GLOBAL	__end_of_LCD_printChar
   901                           	__end_of_LCD_printChar:
   902  07B4                     	signat	_LCD_printChar,4217
   903                           	global	_LCD_on
   904                           
   905 ;; *************** function _LCD_on *****************
   906 ;; Defined at:
   907 ;;		line 32 in file "main.c"
   908 ;; Parameters:    Size  Location     Type
   909 ;;		None
   910 ;; Auto vars:     Size  Location     Type
   911 ;;		None
   912 ;; Return value:  Size  Location     Type
   913 ;;                  1    wreg      void 
   914 ;; Registers used:
   915 ;;		wreg
   916 ;; Tracked objects:
   917 ;;		On entry : 0/0
   918 ;;		On exit  : 0/0
   919 ;;		Unchanged: 0/0
   920 ;; Data sizes:     COMMON   BANK0   BANK1   BANK3   BANK2
   921 ;;      Params:         0       0       0       0       0
   922 ;;      Locals:         0       0       0       0       0
   923 ;;      Temps:          1       0       0       0       0
   924 ;;      Totals:         1       0       0       0       0
   925 ;;Total ram usage:        1 bytes
   926 ;; Hardware stack levels used:    1
   927 ;; This function calls:
   928 ;;		Nothing
   929 ;; This function is called by:
   930 ;;		_main
   931 ;; This function uses a non-reentrant model
   932 ;;
   933                           psect	text3,local,class=CODE,delta=2,merge=1,group=0
   934                           	line	32
   935                           global __ptext3
   936                           __ptext3:	;psect for function _LCD_on
   937  0796                     psect	text3
   938                           	file	"main.c"
   939                           	line	32
   940                           	global	__size_of_LCD_on
   941                           	__size_of_LCD_on	equ	__end_of_LCD_on-_LCD_on
   942  000F                     	
   943                           _LCD_on:	
   944  0796                     ;incstack = 0
   945                           	opt	stack 7
   946                           ; Regs used in _LCD_on: [wreg]
   947                           	line	34
   948                           	
   949                           l624:	
   950  0796                     ;main.c: 34:     PORTDbits.RD6 = 0;
   951                           	bcf	status, 5	;RP0=0, select bank0
   952  0796  1283               	bcf	status, 6	;RP1=0, select bank0
   953  0797  1303               	bcf	(8),6	;volatile
   954  0798  1308               	line	35
   955                           ;main.c: 35:     PORTDbits.RD7 = 1;
   956                           	bsf	(8),7	;volatile
   957  0799  1788               	line	36
   958                           	
   959                           l626:	
   960  079A                     ;main.c: 36:     PORTB = 0x0F;
   961                           	movlw	low(0Fh)
   962  079A  300F               	movwf	(6)	;volatile
   963  079B  0086               	line	37
   964                           	
   965                           l628:	
   966  079C                     ;main.c: 37:     PORTDbits.RD7 = 1;
   967                           	bsf	(8),7	;volatile
   968  079C  1788               	line	38
   969                           ;main.c: 38:     _delay((unsigned long)((40)*(4000000/4000000.0)));
   970                           	opt asmopt_push
   971                           opt asmopt_off
   972                           	movlw	13
   973  079D  300D               movwf	((??_LCD_on+0)+0),f
   974  079E  00F0               	u47:
   975  079F                     decfsz	(??_LCD_on+0)+0,f
   976  079F  0BF0               	goto	u47
   977  07A0  2F9F               opt asmopt_pop
   978                           
   979                           	line	39
   980                           	
   981                           l630:	
   982  07A1                     ;main.c: 39:     PORTDbits.RD7 = 1;
   983                           	bcf	status, 5	;RP0=0, select bank0
   984  07A1  1283               	bcf	status, 6	;RP1=0, select bank0
   985  07A2  1303               	bsf	(8),7	;volatile
   986  07A3  1788               	line	41
   987                           	
   988                           l18:	
   989  07A4                     	return
   990  07A4  0008               	opt stack 0
   991                           GLOBAL	__end_of_LCD_on
   992                           	__end_of_LCD_on:
   993  07A5                     	signat	_LCD_on,89
   994                           	global	_LCD_init
   995                           
   996 ;; *************** function _LCD_init *****************
   997 ;; Defined at:
   998 ;;		line 20 in file "main.c"
   999 ;; Parameters:    Size  Location     Type
  1000 ;;		None
  1001 ;; Auto vars:     Size  Location     Type
  1002 ;;		None
  1003 ;; Return value:  Size  Location     Type
  1004 ;;                  1    wreg      void 
  1005 ;; Registers used:
  1006 ;;		status,2
  1007 ;; Tracked objects:
  1008 ;;		On entry : 0/0
  1009 ;;		On exit  : 0/0
  1010 ;;		Unchanged: 0/0
  1011 ;; Data sizes:     COMMON   BANK0   BANK1   BANK3   BANK2
  1012 ;;      Params:         0       0       0       0       0
  1013 ;;      Locals:         0       0       0       0       0
  1014 ;;      Temps:          0       0       0       0       0
  1015 ;;      Totals:         0       0       0       0       0
  1016 ;;Total ram usage:        0 bytes
  1017 ;; Hardware stack levels used:    1
  1018 ;; This function calls:
  1019 ;;		Nothing
  1020 ;; This function is called by:
  1021 ;;		_main
  1022 ;; This function uses a non-reentrant model
  1023 ;;
  1024                           psect	text4,local,class=CODE,delta=2,merge=1,group=0
  1025                           	line	20
  1026                           global __ptext4
  1027                           __ptext4:	;psect for function _LCD_init
  1028  07B4                     psect	text4
  1029                           	file	"main.c"
  1030                           	line	20
  1031                           	global	__size_of_LCD_init
  1032                           	__size_of_LCD_init	equ	__end_of_LCD_init-_LCD_init
  1033  0010                     	
  1034                           _LCD_init:	
  1035  07B4                     ;incstack = 0
  1036                           	opt	stack 7
  1037                           ; Regs used in _LCD_init: [status,2]
  1038                           	line	22
  1039                           	
  1040                           l616:	
  1041  07B4                     ;main.c: 22:     TRISDbits.TRISD7 = 0;
  1042                           	bsf	status, 5	;RP0=1, select bank1
  1043  07B4  1683               	bcf	status, 6	;RP1=0, select bank1
  1044  07B5  1303               	bcf	(136)^080h,7	;volatile
  1045  07B6  1388               	line	23
  1046                           ;main.c: 23:     TRISDbits.TRISD6 = 0;
  1047                           	bcf	(136)^080h,6	;volatile
  1048  07B7  1308               	line	24
  1049                           	
  1050                           l618:	
  1051  07B8                     ;main.c: 24:     ANSELH = 0;
  1052                           	bsf	status, 5	;RP0=1, select bank3
  1053  07B8  1683               	bsf	status, 6	;RP1=1, select bank3
  1054  07B9  1703               	clrf	(393)^0180h	;volatile
  1055  07BA  0189               	line	25
  1056                           ;main.c: 25:     TRISB = 0x00;
  1057                           	bsf	status, 5	;RP0=1, select bank1
  1058  07BB  1683               	bcf	status, 6	;RP1=0, select bank1
  1059  07BC  1303               	clrf	(134)^080h	;volatile
  1060  07BD  0186               	line	27
  1061                           ;main.c: 27:     PORTB = 0x00;
  1062                           	bcf	status, 5	;RP0=0, select bank0
  1063  07BE  1283               	bcf	status, 6	;RP1=0, select bank0
  1064  07BF  1303               	clrf	(6)	;volatile
  1065  07C0  0186               	line	28
  1066                           	
  1067                           l620:	
  1068  07C1                     ;main.c: 28:     PORTDbits.RD7 = 1;
  1069                           	bsf	(8),7	;volatile
  1070  07C1  1788               	line	29
  1071                           	
  1072                           l622:	
  1073  07C2                     ;main.c: 29:     PORTDbits.RD6 = 0;
  1074                           	bcf	(8),6	;volatile
  1075  07C2  1308               	line	30
  1076                           	
  1077                           l15:	
  1078  07C3                     	return
  1079  07C3  0008               	opt stack 0
  1080                           GLOBAL	__end_of_LCD_init
  1081                           	__end_of_LCD_init:
  1082  07C4                     	signat	_LCD_init,89
  1083                           global	___latbits
  1084                           ___latbits	equ	2
  1085  0002                     	global	btemp
  1086                           	btemp set 07Eh
  1087  007E                     
  1088                           	DABS	1,126,2	;btemp
  1089                           	global	wtemp0
  1090                           	wtemp0 set btemp+0
  1091  007E                     	end


Data Sizes:
    Strings     6
    Constant    0
    Data        0
    BSS         0
    Persistent  0
    Stack       0

Auto Spaces:
    Space          Size  Autos    Used
    COMMON           14      5       5
    BANK0            80      0       0
    BANK1            80      0       0
    BANK3            96      0       0
    BANK2            96      0       0

Pointer List with Targets:

    LCD_print@str	PTR unsigned char  size(1) Largest target is 6
		 -> STR_1(CODE[6]), 


Critical Paths under _main in COMMON

    _main->_LCD_print
    _LCD_print->_LCD_printChar

Critical Paths under _main in BANK0

    None.

Critical Paths under _main in BANK1

    None.

Critical Paths under _main in BANK3

    None.

Critical Paths under _main in BANK2

    None.

Call Graph Tables:

 ---------------------------------------------------------------------------------
 (Depth) Function   	        Calls       Base Space   Used Autos Params    Refs
 ---------------------------------------------------------------------------------
 (0) _main                                                 0     0      0     138
                           _LCD_init
                             _LCD_on
                          _LCD_print
 ---------------------------------------------------------------------------------
 (1) _LCD_print                                            3     3      0     138
                                              2 COMMON     3     3      0
                      _LCD_printChar
 ---------------------------------------------------------------------------------
 (2) _LCD_printChar                                        2     2      0      15
                                              0 COMMON     2     2      0
 ---------------------------------------------------------------------------------
 (1) _LCD_on                                               1     1      0       0
                                              0 COMMON     1     1      0
 ---------------------------------------------------------------------------------
 (1) _LCD_init                                             0     0      0       0
 ---------------------------------------------------------------------------------
 Estimated maximum stack depth 2
 ---------------------------------------------------------------------------------

 Call Graph Graphs:

 _main (ROOT)
   _LCD_init
   _LCD_on
   _LCD_print
     _LCD_printChar

 Address spaces:
Name               Size   Autos  Total    Cost      Usage
BITCOMMON            E      0       0       0        0.0%
EEDATA             100      0       0       0        0.0%
NULL                 0      0       0       0        0.0%
CODE                 0      0       0       0        0.0%
COMMON               E      5       5       1       35.7%
BITSFR0              0      0       0       1        0.0%
SFR0                 0      0       0       1        0.0%
BITSFR1              0      0       0       2        0.0%
SFR1                 0      0       0       2        0.0%
STACK                0      0       0       2        0.0%
ABS                  0      0       0       3        0.0%
BITBANK0            50      0       0       4        0.0%
BITSFR3              0      0       0       4        0.0%
SFR3                 0      0       0       4        0.0%
BANK0               50      0       0       5        0.0%
BITSFR2              0      0       0       5        0.0%
SFR2                 0      0       0       5        0.0%
BITBANK1            50      0       0       6        0.0%
BANK1               50      0       0       7        0.0%
BITBANK3            60      0       0       8        0.0%
BANK3               60      0       0       9        0.0%
BITBANK2            60      0       0      10        0.0%
BANK2               60      0       0      11        0.0%
DATA                 0      0       0      12        0.0%


Microchip Technology PIC Macro Assembler V2.00 build -1524193055 
Symbol Table                                                                                   Thu Apr 22 14:56:16 2021

                       pc 0002               __CFG_CP$OFF 0000                        l21 07B3  
                      l15 07C3                        l24 07ED                        l32 07D4  
                      l25 07DB                        l33 07D4                        l18 07A4  
                      l26 07FB                        l34 07D5                        l27 07FB  
                      l35 07D5                        u20 07FA                        u21 07F9  
                      u37 07AE                        u47 079F                        fsr 0004  
                     l610 07A9                       l620 07C1                       l612 07AB  
                     l622 07C2                       l630 07A1                       l614 07B0  
                     l616 07B4                       l624 0796                       l608 07A6  
                     l618 07B8                       l626 079A                       l650 07E8  
                     l628 079C                       l652 07ED                       l646 07D9  
                     l654 07C4                       l648 07DB                       l656 07C9  
                     l658 07CE              __CFG_CPD$OFF 0000                       fsr0 0004  
            __CFG_LVP$OFF 0000                      STR_1 0009              __CFG_WRT$OFF 0000  
                    _main 07C4                      btemp 007E                      start 0000  
           __CFG_IESO$OFF 0000        __size_of_LCD_print 0024    __size_of_LCD_printChar 000F  
        __end_of_LCD_init 07C4                     ?_main 0070             __CFG_WDTE$OFF 0000  
                   _PORTB 0006                     _TRISB 0086            __CFG_FCMEN$OFF 0000  
          __CFG_BOREN$OFF 0000                     pclath 000A                     status 0003  
                   wtemp0 007E            __CFG_MCLRE$OFF 0000           __initialization 07FC  
            __end_of_main 07D8                    ??_main 0075         __end_of_LCD_print 07FC  
           _LCD_printChar 07A5                    _ANSELH 0189                    _LCD_on 0796  
          __CFG_PWRTE$OFF 0000            LCD_printChar@c 0071            ?_LCD_printChar 0070  
 __end_of__initialization 07FC                 ?_LCD_init 0070            __pcstackCOMMON 0070  
            LCD_print@str 0073                   ?_LCD_on 0070                ??_LCD_init 0070  
              __pmaintext 07C4           ??_LCD_printChar 0070                __stringtab 0003  
         __size_of_LCD_on 000F                   __ptext1 07D8                   __ptext2 07A5  
                 __ptext3 0796                   __ptext4 07B4      end_of_initialization 07FC  
               _LCD_print 07D8                 _PORTDbits 0008                 _TRISDbits 0088  
              ?_LCD_print 0070            __end_of_LCD_on 07A5         __size_of_LCD_init 0010  
     start_initialization 07FC                LCD_print@i 0074                  ??_LCD_on 0070  
__CFG_FOSC$INTRC_NOCLKOUT 0000                 ___latbits 0002               ??_LCD_print 0072  
               __pstrings 0003     __end_of_LCD_printChar 07B4                  _LCD_init 07B4  
             __stringbase 0008        __end_of__stringtab 0009         __CFG_BOR4V$BOR40V 0000  
           __size_of_main 0014                 stringcode 0003                  stringdir 0003  
                stringtab 0003  
